<?xml version="1.0" encoding="UTF-8"?>
<!-- Generated by org.testng.reporters.JUnitReportReporter -->
<testsuite hostname="LAPTOP-GJ1MSIMK" failures="0" tests="1" name="testCases.TC001_AccountRegistrationTest" time="1.996" errors="0" timestamp="2024-09-14T14:14:23 IST" skipped="0">
  <testcase classname="testCases.TC001_AccountRegistrationTest" name="verify_account_registration" time="1.996"/>
  <system-out/>
</testsuite> <!-- testCases.TC001_AccountRegistrationTest -->
