<?xml version="1.0" encoding="UTF-8"?>
<!-- Generated by org.testng.reporters.JUnitReportReporter -->
<testsuite hostname="LAPTOP-GJ1MSIMK" failures="0" tests="1" name="testCases.TC002_LoginTest" time="4.481" errors="0" timestamp="2024-09-14T14:14:23 IST" skipped="0">
  <testcase classname="testCases.TC002_LoginTest" name="verify_login" time="4.481"/>
  <system-out/>
</testsuite> <!-- testCases.TC002_LoginTest -->
