<?xml version="1.0" encoding="UTF-8"?>
<!-- Generated by org.testng.reporters.JUnitReportReporter -->
<testsuite hostname="LAPTOP-GJ1MSIMK" failures="0" tests="1" name="testCases.TC002_LoginTest" time="4.506" errors="0" timestamp="2024-09-14T15:13:52 IST" skipped="0">
  <testcase classname="testCases.TC002_LoginTest" name="verify_login" time="4.506"/>
</testsuite> <!-- testCases.TC002_LoginTest -->
