<?xml version="1.0" encoding="UTF-8"?>
<!-- Generated by org.testng.reporters.JUnitReportReporter -->
<testsuite hostname="LAPTOP-GJ1MSIMK" failures="0" tests="1" name="testCases.TC002_LoginTest" time="4.664" errors="0" timestamp="2025-06-21T20:43:42 IST" skipped="0">
  <testcase classname="testCases.TC002_LoginTest" name="verify_login" time="4.664"/>
</testsuite> <!-- testCases.TC002_LoginTest -->
