<?xml version="1.0" encoding="UTF-8"?>
<!-- Generated by org.testng.reporters.JUnitReportReporter -->
<testsuite hostname="LAPTOP-GJ1MSIMK" failures="0" tests="1" name="testCases.TC001_AccountRegistrationTest" time="4.601" errors="0" timestamp="2025-06-22T12:48:42 IST" skipped="0">
  <testcase classname="testCases.TC001_AccountRegistrationTest" name="verify_account_registration" time="4.601"/>
</testsuite> <!-- testCases.TC001_AccountRegistrationTest -->
